This file contains any messages produced by compilers while
running configure, to aid debugging if configure makes a mistake.

It was created by configure, which was
generated by GNU Autoconf 2.59.  Invocation command line was

  $ ./configure --prefix=/usr/local

## --------- ##
## Platform. ##
## --------- ##

hostname = devstar
uname -m = x86_64
uname -r = 3.10.17
uname -s = Linux
uname -v = #1 SMP Wed Oct 23 16:28:33 CDT 2013

/usr/bin/uname -p = Intel(R) Core(TM) i7-4770K CPU @ 3.50GHz
/bin/uname -X     = unknown

/bin/arch              = x86_64
/usr/bin/arch -k       = unknown
/usr/convex/getsysinfo = unknown
hostinfo               = unknown
/bin/machine           = unknown
/usr/bin/oslevel       = unknown
/bin/universe          = unknown

PATH: /usr/local/bin
PATH: /usr/bin
PATH: /bin
PATH: /usr/games
PATH: /usr/lib64/qt/bin
PATH: /usr/share/texmf/bin


## ----------- ##
## Core tests. ##
## ----------- ##

configure:1343: Configuring TinyFugue version 5.0 beta 8
configure:1493: 
configure:1583: Core dumps disabled.
configure:1646: checking for gcc
configure:1662: found /usr/bin/gcc
configure:1672: result: gcc
configure:1916: checking for C compiler version
configure:1919: gcc --version </dev/null >&5
gcc (GCC) 4.8.2
Copyright (C) 2013 Free Software Foundation, Inc.
This is free software; see the source for copying conditions.  There is NO
warranty; not even for MERCHANTABILITY or FITNESS FOR A PARTICULAR PURPOSE.

configure:1922: $? = 0
configure:1924: gcc -v </dev/null >&5
Reading specs from /usr/lib64/gcc/x86_64-slackware-linux/4.8.2/specs
COLLECT_GCC=gcc
COLLECT_LTO_WRAPPER=/usr/libexec/gcc/x86_64-slackware-linux/4.8.2/lto-wrapper
Target: x86_64-slackware-linux
Configured with: ../gcc-4.8.2/configure --prefix=/usr --libdir=/usr/lib64 --mandir=/usr/man --infodir=/usr/info --enable-shared --enable-bootstrap --enable-languages=ada,c,c++,fortran,go,java,lto,objc --enable-threads=posix --enable-checking=release --enable-objc-gc --with-system-zlib --with-python-dir=/lib64/python2.7/site-packages --disable-libunwind-exceptions --enable-__cxa_atexit --enable-libssp --enable-lto --with-gnu-ld --verbose --enable-java-home --with-java-home=/usr/lib64/jvm/jre --with-jvm-root-dir=/usr/lib64/jvm --with-jvm-jar-dir=/usr/lib64/jvm/jvm-exports --with-arch-directory=amd64 --with-antlr-jar=/home/slackware/slackbuilds/gcc/antlr-runtime-3.4.jar --enable-multilib --target=x86_64-slackware-linux --build=x86_64-slackware-linux --host=x86_64-slackware-linux
Thread model: posix
gcc version 4.8.2 (GCC) 
configure:1927: $? = 0
configure:1929: gcc -V </dev/null >&5
gcc: error: unrecognized command line option '-V'
gcc: fatal error: no input files
compilation terminated.
configure:1932: $? = 1
configure:1955: checking for C compiler default output file name
configure:1958: gcc    conftest.c  >&5
configure:1961: $? = 0
configure:2007: result: a.out
configure:2012: checking whether the C compiler works
configure:2018: ./a.out
configure:2021: $? = 0
configure:2038: result: yes
configure:2045: checking whether we are cross compiling
configure:2047: result: no
configure:2050: checking for suffix of executables
configure:2052: gcc -o conftest    conftest.c  >&5
configure:2055: $? = 0
configure:2080: result: 
configure:2086: checking for suffix of object files
configure:2107: gcc -c   conftest.c >&5
configure:2110: $? = 0
configure:2132: result: o
configure:2136: checking whether we are using the GNU C compiler
configure:2160: gcc -c   conftest.c >&5
configure:2166: $? = 0
configure:2170: test -z 
			 || test ! -s conftest.err
configure:2173: $? = 0
configure:2176: test -s conftest.o
configure:2179: $? = 0
configure:2192: result: yes
configure:2198: checking whether gcc accepts -g
configure:2219: gcc -c -g  conftest.c >&5
configure:2225: $? = 0
configure:2229: test -z 
			 || test ! -s conftest.err
configure:2232: $? = 0
configure:2235: test -s conftest.o
configure:2238: $? = 0
configure:2249: result: yes
configure:2266: checking for gcc option to accept ANSI C
configure:2336: gcc  -c -g -O2  conftest.c >&5
configure:2342: $? = 0
configure:2346: test -z 
			 || test ! -s conftest.err
configure:2349: $? = 0
configure:2352: test -s conftest.o
configure:2355: $? = 0
configure:2373: result: none needed
configure:2391: gcc -c -g -O2  conftest.c >&5
conftest.c:2:3: error: unknown type name 'choke'
   choke me
   ^
conftest.c:2:3: error: expected '=', ',', ';', 'asm' or '__attribute__' at end of input
configure:2397: $? = 1
configure: failed program was:
| #ifndef __cplusplus
|   choke me
| #endif
configure:2536: checking how to run the C preprocessor
configure:2571: gcc -E  conftest.c
configure:2577: $? = 0
configure:2609: gcc -E  conftest.c
conftest.c:11:28: fatal error: ac_nonexistent.h: No such file or directory
 #include <ac_nonexistent.h>
                            ^
compilation terminated.
configure:2615: $? = 1
configure: failed program was:
| /* confdefs.h.  */
| 
| #define PACKAGE_NAME ""
| #define PACKAGE_TARNAME ""
| #define PACKAGE_VERSION ""
| #define PACKAGE_STRING ""
| #define PACKAGE_BUGREPORT ""
| #define NDEBUG 1
| #define DISABLE_CORE 1
| /* end confdefs.h.  */
| #include <ac_nonexistent.h>
configure:2654: result: gcc -E
configure:2678: gcc -E  conftest.c
configure:2684: $? = 0
configure:2716: gcc -E  conftest.c
conftest.c:11:28: fatal error: ac_nonexistent.h: No such file or directory
 #include <ac_nonexistent.h>
                            ^
compilation terminated.
configure:2722: $? = 1
configure: failed program was:
| /* confdefs.h.  */
| 
| #define PACKAGE_NAME ""
| #define PACKAGE_TARNAME ""
| #define PACKAGE_VERSION ""
| #define PACKAGE_STRING ""
| #define PACKAGE_BUGREPORT ""
| #define NDEBUG 1
| #define DISABLE_CORE 1
| /* end confdefs.h.  */
| #include <ac_nonexistent.h>
configure:2766: checking for egrep
configure:2776: result: grep -E
configure:2782: checking whether gcc needs -traditional
configure:2824: result: no
configure:2834: checking whether make sets $(MAKE)
configure:2854: result: yes
configure:2871: checking for ranlib
configure:2887: found /usr/bin/ranlib
configure:2898: result: ranlib
configure:2908: checking for ANSI C header files
configure:2933: gcc -c -g -O2  conftest.c >&5
configure:2939: $? = 0
configure:2943: test -z 
			 || test ! -s conftest.err
configure:2946: $? = 0
configure:2949: test -s conftest.o
configure:2952: $? = 0
configure:3041: gcc -o conftest -g -O2   conftest.c  >&5
conftest.c: In function 'main':
conftest.c:28:7: warning: incompatible implicit declaration of built-in function 'exit' [enabled by default]
       exit(2);
       ^
configure:3044: $? = 0
configure:3046: ./conftest
configure:3049: $? = 0
configure:3064: result: yes
configure:3088: checking for sys/types.h
configure:3104: gcc -c -g -O2  conftest.c >&5
configure:3110: $? = 0
configure:3114: test -z 
			 || test ! -s conftest.err
configure:3117: $? = 0
configure:3120: test -s conftest.o
configure:3123: $? = 0
configure:3134: result: yes
configure:3088: checking for sys/stat.h
configure:3104: gcc -c -g -O2  conftest.c >&5
configure:3110: $? = 0
configure:3114: test -z 
			 || test ! -s conftest.err
configure:3117: $? = 0
configure:3120: test -s conftest.o
configure:3123: $? = 0
configure:3134: result: yes
configure:3088: checking for stdlib.h
configure:3104: gcc -c -g -O2  conftest.c >&5
configure:3110: $? = 0
configure:3114: test -z 
			 || test ! -s conftest.err
configure:3117: $? = 0
configure:3120: test -s conftest.o
configure:3123: $? = 0
configure:3134: result: yes
configure:3088: checking for string.h
configure:3104: gcc -c -g -O2  conftest.c >&5
configure:3110: $? = 0
configure:3114: test -z 
			 || test ! -s conftest.err
configure:3117: $? = 0
configure:3120: test -s conftest.o
configure:3123: $? = 0
configure:3134: result: yes
configure:3088: checking for memory.h
configure:3104: gcc -c -g -O2  conftest.c >&5
configure:3110: $? = 0
configure:3114: test -z 
			 || test ! -s conftest.err
configure:3117: $? = 0
configure:3120: test -s conftest.o
configure:3123: $? = 0
configure:3134: result: yes
configure:3088: checking for strings.h
configure:3104: gcc -c -g -O2  conftest.c >&5
configure:3110: $? = 0
configure:3114: test -z 
			 || test ! -s conftest.err
configure:3117: $? = 0
configure:3120: test -s conftest.o
configure:3123: $? = 0
configure:3134: result: yes
configure:3088: checking for inttypes.h
configure:3104: gcc -c -g -O2  conftest.c >&5
configure:3110: $? = 0
configure:3114: test -z 
			 || test ! -s conftest.err
configure:3117: $? = 0
configure:3120: test -s conftest.o
configure:3123: $? = 0
configure:3134: result: yes
configure:3088: checking for stdint.h
configure:3104: gcc -c -g -O2  conftest.c >&5
configure:3110: $? = 0
configure:3114: test -z 
			 || test ! -s conftest.err
configure:3117: $? = 0
configure:3120: test -s conftest.o
configure:3123: $? = 0
configure:3134: result: yes
configure:3088: checking for unistd.h
configure:3104: gcc -c -g -O2  conftest.c >&5
configure:3110: $? = 0
configure:3114: test -z 
			 || test ! -s conftest.err
configure:3117: $? = 0
configure:3120: test -s conftest.o
configure:3123: $? = 0
configure:3134: result: yes
configure:3146: checking for short
configure:3170: gcc -c -g -O2  conftest.c >&5
configure:3176: $? = 0
configure:3180: test -z 
			 || test ! -s conftest.err
configure:3183: $? = 0
configure:3186: test -s conftest.o
configure:3189: $? = 0
configure:3200: result: yes
configure:3203: checking size of short
configure:3522: gcc -o conftest -g -O2   conftest.c  >&5
configure:3525: $? = 0
configure:3527: ./conftest
configure:3530: $? = 0
configure:3553: result: 2
configure:3560: checking for int
configure:3584: gcc -c -g -O2  conftest.c >&5
configure:3590: $? = 0
configure:3594: test -z 
			 || test ! -s conftest.err
configure:3597: $? = 0
configure:3600: test -s conftest.o
configure:3603: $? = 0
configure:3614: result: yes
configure:3617: checking size of int
configure:3936: gcc -o conftest -g -O2   conftest.c  >&5
configure:3939: $? = 0
configure:3941: ./conftest
configure:3944: $? = 0
configure:3967: result: 4
configure:3974: checking for long
configure:3998: gcc -c -g -O2  conftest.c >&5
configure:4004: $? = 0
configure:4008: test -z 
			 || test ! -s conftest.err
configure:4011: $? = 0
configure:4014: test -s conftest.o
configure:4017: $? = 0
configure:4028: result: yes
configure:4031: checking size of long
configure:4350: gcc -o conftest -g -O2   conftest.c  >&5
configure:4353: $? = 0
configure:4355: ./conftest
configure:4358: $? = 0
configure:4381: result: 8
configure:4391: checking for inline
configure:4393: result: yes
configure:4555: checking for library containing select
configure:4585: gcc -o conftest -g -O2    conftest.c  >&5
configure:4591: $? = 0
configure:4595: test -z 
			 || test ! -s conftest.err
configure:4598: $? = 0
configure:4601: test -s conftest
configure:4604: $? = 0
configure:4674: result: none required
configure:4686: checking for library containing gethostbyname
configure:4716: gcc -o conftest -g -O2    conftest.c  >&5
configure:4722: $? = 0
configure:4726: test -z 
			 || test ! -s conftest.err
configure:4729: $? = 0
configure:4732: test -s conftest
configure:4735: $? = 0
configure:4805: result: none required
configure:4817: checking for main in -linet
configure:4841: gcc -o conftest -g -O2    conftest.c -linet   >&5
/usr/lib64/gcc/x86_64-slackware-linux/4.8.2/../../../../x86_64-slackware-linux/bin/ld: cannot find -linet
collect2: error: ld returned 1 exit status
configure:4847: $? = 1
configure: failed program was:
| /* confdefs.h.  */
| 
| #define PACKAGE_NAME ""
| #define PACKAGE_TARNAME ""
| #define PACKAGE_VERSION ""
| #define PACKAGE_STRING ""
| #define PACKAGE_BUGREPORT ""
| #define NDEBUG 1
| #define DISABLE_CORE 1
| #define STDC_HEADERS 1
| #define HAVE_SYS_TYPES_H 1
| #define HAVE_SYS_STAT_H 1
| #define HAVE_STDLIB_H 1
| #define HAVE_STRING_H 1
| #define HAVE_MEMORY_H 1
| #define HAVE_STRINGS_H 1
| #define HAVE_INTTYPES_H 1
| #define HAVE_STDINT_H 1
| #define HAVE_UNISTD_H 1
| #define SIZEOF_SHORT 2
| #define SIZEOF_INT 4
| #define SIZEOF_LONG 8
| #define inline __inline__
| /* end confdefs.h.  */
| 
| 
| int
| main ()
| {
| main ();
|   ;
|   return 0;
| }
configure:4873: result: no
configure:4886: checking for main in -lnet
configure:4910: gcc -o conftest -g -O2    conftest.c -lnet   >&5
/usr/lib64/gcc/x86_64-slackware-linux/4.8.2/../../../../x86_64-slackware-linux/bin/ld: cannot find -lnet
collect2: error: ld returned 1 exit status
configure:4916: $? = 1
configure: failed program was:
| /* confdefs.h.  */
| 
| #define PACKAGE_NAME ""
| #define PACKAGE_TARNAME ""
| #define PACKAGE_VERSION ""
| #define PACKAGE_STRING ""
| #define PACKAGE_BUGREPORT ""
| #define NDEBUG 1
| #define DISABLE_CORE 1
| #define STDC_HEADERS 1
| #define HAVE_SYS_TYPES_H 1
| #define HAVE_SYS_STAT_H 1
| #define HAVE_STDLIB_H 1
| #define HAVE_STRING_H 1
| #define HAVE_MEMORY_H 1
| #define HAVE_STRINGS_H 1
| #define HAVE_INTTYPES_H 1
| #define HAVE_STDINT_H 1
| #define HAVE_UNISTD_H 1
| #define SIZEOF_SHORT 2
| #define SIZEOF_INT 4
| #define SIZEOF_LONG 8
| #define inline __inline__
| /* end confdefs.h.  */
| 
| 
| int
| main ()
| {
| main ();
|   ;
|   return 0;
| }
configure:4942: result: no
configure:4954: checking for library containing connect
configure:4984: gcc -o conftest -g -O2    conftest.c  >&5
configure:4990: $? = 0
configure:4994: test -z 
			 || test ! -s conftest.err
configure:4997: $? = 0
configure:5000: test -s conftest
configure:5003: $? = 0
configure:5073: result: none required
configure:5084: checking for library containing setlocale
configure:5114: gcc -o conftest -g -O2    conftest.c  >&5
configure:5120: $? = 0
configure:5124: test -z 
			 || test ! -s conftest.err
configure:5127: $? = 0
configure:5130: test -s conftest
configure:5133: $? = 0
configure:5203: result: none required
configure:5221: checking for libcrypto and libssl
configure:5246: gcc -o conftest -g -O2    conftest.c  -lssl -lcrypto >&5
configure:5252: $? = 0
configure:5256: test -z 
			 || test ! -s conftest.err
configure:5259: $? = 0
configure:5262: test -s conftest
configure:5265: $? = 0
configure:5267: result: yes
configure:5333: checking for ssl kerberos dependency
configure:5340: result: no
configure:5353: checking openssl/ssl.h usability
configure:5365: gcc -c -g -O2  conftest.c >&5
configure:5371: $? = 0
configure:5375: test -z 
			 || test ! -s conftest.err
configure:5378: $? = 0
configure:5381: test -s conftest.o
configure:5384: $? = 0
configure:5394: result: yes
configure:5398: checking openssl/ssl.h presence
configure:5408: gcc -E  conftest.c
configure:5414: $? = 0
configure:5434: result: yes
configure:5469: checking for openssl/ssl.h
configure:5476: result: yes
configure:5524: checking for library containing tgetent
configure:5554: gcc -o conftest -g -O2    conftest.c  -lssl -lcrypto >&5
/tmp/ccqbcOHp.o: In function `main':
/home/bhodgins/dev/smallfugue/conftest.c:37: undefined reference to `tgetent'
collect2: error: ld returned 1 exit status
configure:5560: $? = 1
configure: failed program was:
| /* confdefs.h.  */
| 
| #define PACKAGE_NAME ""
| #define PACKAGE_TARNAME ""
| #define PACKAGE_VERSION ""
| #define PACKAGE_STRING ""
| #define PACKAGE_BUGREPORT ""
| #define NDEBUG 1
| #define DISABLE_CORE 1
| #define STDC_HEADERS 1
| #define HAVE_SYS_TYPES_H 1
| #define HAVE_SYS_STAT_H 1
| #define HAVE_STDLIB_H 1
| #define HAVE_STRING_H 1
| #define HAVE_MEMORY_H 1
| #define HAVE_STRINGS_H 1
| #define HAVE_INTTYPES_H 1
| #define HAVE_STDINT_H 1
| #define HAVE_UNISTD_H 1
| #define SIZEOF_SHORT 2
| #define SIZEOF_INT 4
| #define SIZEOF_LONG 8
| #define inline __inline__
| #define HAVE_SSL 1
| /* end confdefs.h.  */
| 
| /* Override any gcc2 internal prototype to avoid an error.  */
| #ifdef __cplusplus
| extern "C"
| #endif
| /* We use char because int might match the return type of a gcc2
|    builtin and then its argument prototype would still apply.  */
| char tgetent ();
| int
| main ()
| {
| tgetent ();
|   ;
|   return 0;
| }
configure:5609: gcc -o conftest -g -O2    conftest.c -ltermcap   -lssl -lcrypto >&5
configure:5615: $? = 0
configure:5619: test -z 
			 || test ! -s conftest.err
configure:5622: $? = 0
configure:5625: test -s conftest
configure:5628: $? = 0
configure:5643: result: -ltermcap
configure:5673: checking for library containing sqrt
configure:5703: gcc -o conftest -g -O2    conftest.c -ltermcap  -lssl -lcrypto >&5
conftest.c:35:6: warning: conflicting types for built-in function 'sqrt' [enabled by default]
 char sqrt ();
      ^
/tmp/ccAIpldv.o: In function `main':
/home/bhodgins/dev/smallfugue/conftest.c:39: undefined reference to `sqrt'
collect2: error: ld returned 1 exit status
configure:5709: $? = 1
configure: failed program was:
| /* confdefs.h.  */
| 
| #define PACKAGE_NAME ""
| #define PACKAGE_TARNAME ""
| #define PACKAGE_VERSION ""
| #define PACKAGE_STRING ""
| #define PACKAGE_BUGREPORT ""
| #define NDEBUG 1
| #define DISABLE_CORE 1
| #define STDC_HEADERS 1
| #define HAVE_SYS_TYPES_H 1
| #define HAVE_SYS_STAT_H 1
| #define HAVE_STDLIB_H 1
| #define HAVE_STRING_H 1
| #define HAVE_MEMORY_H 1
| #define HAVE_STRINGS_H 1
| #define HAVE_INTTYPES_H 1
| #define HAVE_STDINT_H 1
| #define HAVE_UNISTD_H 1
| #define SIZEOF_SHORT 2
| #define SIZEOF_INT 4
| #define SIZEOF_LONG 8
| #define inline __inline__
| #define HAVE_SSL 1
| #define TERMCAP 1
| #define NCOLORS 256
| /* end confdefs.h.  */
| 
| /* Override any gcc2 internal prototype to avoid an error.  */
| #ifdef __cplusplus
| extern "C"
| #endif
| /* We use char because int might match the return type of a gcc2
|    builtin and then its argument prototype would still apply.  */
| char sqrt ();
| int
| main ()
| {
| sqrt ();
|   ;
|   return 0;
| }
configure:5758: gcc -o conftest -g -O2    conftest.c -lm  -ltermcap  -lssl -lcrypto >&5
conftest.c:35:6: warning: conflicting types for built-in function 'sqrt' [enabled by default]
 char sqrt ();
      ^
configure:5764: $? = 0
configure:5768: test -z 
			 || test ! -s conftest.err
configure:5771: $? = 0
configure:5774: test -s conftest
configure:5777: $? = 0
configure:5792: result: -lm
configure:5802: checking for inflate in -lz
configure:5832: gcc -o conftest -g -O2    conftest.c -lz  -lm -ltermcap  -lssl -lcrypto >&5
configure:5838: $? = 0
configure:5842: test -z 
			 || test ! -s conftest.err
configure:5845: $? = 0
configure:5848: test -s conftest
configure:5851: $? = 0
configure:5864: result: yes
configure:5876: checking for pcre_compile in -lpcre
configure:5906: gcc -o conftest -g -O2    conftest.c -lpcre  -lz -lm -ltermcap  -lssl -lcrypto >&5
configure:5912: $? = 0
configure:5916: test -z 
			 || test ! -s conftest.err
configure:5919: $? = 0
configure:5922: test -s conftest
configure:5925: $? = 0
configure:5938: result: yes
configure:5953: checking for ANSI C header files
configure:6109: result: yes
configure:6126: checking for unistd.h
configure:6131: result: yes
configure:6126: checking for memory.h
configure:6131: result: yes
configure:6135: checking sys/select.h usability
configure:6147: gcc -c -g -O2  conftest.c >&5
configure:6153: $? = 0
configure:6157: test -z 
			 || test ! -s conftest.err
configure:6160: $? = 0
configure:6163: test -s conftest.o
configure:6166: $? = 0
configure:6176: result: yes
configure:6180: checking sys/select.h presence
configure:6190: gcc -E  conftest.c
configure:6196: $? = 0
configure:6216: result: yes
configure:6251: checking for sys/select.h
configure:6258: result: yes
configure:6271: checking for sys/wait.h that is POSIX.1 compatible
configure:6302: gcc -c -g -O2  conftest.c >&5
configure:6308: $? = 0
configure:6312: test -z 
			 || test ! -s conftest.err
configure:6315: $? = 0
configure:6318: test -s conftest.o
configure:6321: $? = 0
configure:6332: result: yes
configure:6357: checking locale.h usability
configure:6369: gcc -c -g -O2  conftest.c >&5
configure:6375: $? = 0
configure:6379: test -z 
			 || test ! -s conftest.err
configure:6382: $? = 0
configure:6385: test -s conftest.o
configure:6388: $? = 0
configure:6398: result: yes
configure:6402: checking locale.h presence
configure:6412: gcc -E  conftest.c
configure:6418: $? = 0
configure:6438: result: yes
configure:6473: checking for locale.h
configure:6480: result: yes
configure:6511: checking pwd.h usability
configure:6523: gcc -c -g -O2  conftest.c >&5
configure:6529: $? = 0
configure:6533: test -z 
			 || test ! -s conftest.err
configure:6536: $? = 0
configure:6539: test -s conftest.o
configure:6542: $? = 0
configure:6552: result: yes
configure:6556: checking pwd.h presence
configure:6566: gcc -E  conftest.c
configure:6572: $? = 0
configure:6592: result: yes
configure:6627: checking for pwd.h
configure:6634: result: yes
configure:6665: checking zlib.h usability
configure:6677: gcc -c -g -O2  conftest.c >&5
configure:6683: $? = 0
configure:6687: test -z 
			 || test ! -s conftest.err
configure:6690: $? = 0
configure:6693: test -s conftest.o
configure:6696: $? = 0
configure:6706: result: yes
configure:6710: checking zlib.h presence
configure:6720: gcc -E  conftest.c
configure:6726: $? = 0
configure:6746: result: yes
configure:6781: checking for zlib.h
configure:6788: result: yes
configure:6823: checking netinet/in.h usability
configure:6835: gcc -c -g -O2  conftest.c >&5
configure:6841: $? = 0
configure:6845: test -z 
			 || test ! -s conftest.err
configure:6848: $? = 0
configure:6851: test -s conftest.o
configure:6854: $? = 0
configure:6864: result: yes
configure:6868: checking netinet/in.h presence
configure:6878: gcc -E  conftest.c
configure:6884: $? = 0
configure:6904: result: yes
configure:6939: checking for netinet/in.h
configure:6946: result: yes
configure:6992: checking arpa/inet.h usability
configure:7004: gcc -c -g -O2  conftest.c >&5
configure:7010: $? = 0
configure:7014: test -z 
			 || test ! -s conftest.err
configure:7017: $? = 0
configure:7020: test -s conftest.o
configure:7023: $? = 0
configure:7033: result: yes
configure:7037: checking arpa/inet.h presence
configure:7047: gcc -E  conftest.c
configure:7053: $? = 0
configure:7073: result: yes
configure:7108: checking for arpa/inet.h
configure:7115: result: yes
configure:7161: checking netdb.h usability
configure:7173: gcc -c -g -O2  conftest.c >&5
configure:7179: $? = 0
configure:7183: test -z 
			 || test ! -s conftest.err
configure:7186: $? = 0
configure:7189: test -s conftest.o
configure:7192: $? = 0
configure:7202: result: yes
configure:7206: checking netdb.h presence
configure:7216: gcc -E  conftest.c
configure:7222: $? = 0
configure:7242: result: yes
configure:7277: checking for netdb.h
configure:7284: result: yes
configure:7314: checking whether struct sockaddr has sa_len
configure:7337: gcc -c -g -O2  conftest.c >&5
conftest.c: In function 'main':
conftest.c:49:30: error: 'struct sockaddr' has no member named 'sa_len'
 struct sockaddr sa; return sa.sa_len;
                              ^
configure:7343: $? = 1
configure: failed program was:
| /* confdefs.h.  */
| 
| #define PACKAGE_NAME ""
| #define PACKAGE_TARNAME ""
| #define PACKAGE_VERSION ""
| #define PACKAGE_STRING ""
| #define PACKAGE_BUGREPORT ""
| #define NDEBUG 1
| #define DISABLE_CORE 1
| #define STDC_HEADERS 1
| #define HAVE_SYS_TYPES_H 1
| #define HAVE_SYS_STAT_H 1
| #define HAVE_STDLIB_H 1
| #define HAVE_STRING_H 1
| #define HAVE_MEMORY_H 1
| #define HAVE_STRINGS_H 1
| #define HAVE_INTTYPES_H 1
| #define HAVE_STDINT_H 1
| #define HAVE_UNISTD_H 1
| #define SIZEOF_SHORT 2
| #define SIZEOF_INT 4
| #define SIZEOF_LONG 8
| #define inline __inline__
| #define HAVE_SSL 1
| #define TERMCAP 1
| #define NCOLORS 256
| #define HAVE_LIBZ 1
| #define STDC_HEADERS 1
| #define HAVE_UNISTD_H 1
| #define HAVE_MEMORY_H 1
| #define HAVE_SYS_SELECT_H 1
| #define HAVE_SYS_WAIT_H 1
| #define HAVE_LOCALE_H 1
| #define HAVE_PWD_H 1
| #define HAVE_ZLIB_H 1
| #define HAVE_NETINET_IN_H 1
| #define NETINET_IN_H <netinet/in.h>
| #define HAVE_ARPA_INET_H 1
| #define ARPA_INET_H <arpa/inet.h>
| #define HAVE_NETDB_H 1
| #define NETDB_H <netdb.h>
| /* end confdefs.h.  */
| 
| #include<sys/types.h>
| #include <sys/socket.h>
| int
| main ()
| {
| struct sockaddr sa; return sa.sa_len;
|   ;
|   return 0;
| }
configure:7367: result: no
configure:7395: checking termios.h usability
configure:7407: gcc -c -g -O2  conftest.c >&5
configure:7413: $? = 0
configure:7417: test -z 
			 || test ! -s conftest.err
configure:7420: $? = 0
configure:7423: test -s conftest.o
configure:7426: $? = 0
configure:7436: result: yes
configure:7440: checking termios.h presence
configure:7450: gcc -E  conftest.c
configure:7456: $? = 0
configure:7476: result: yes
configure:7511: checking for termios.h
configure:7518: result: yes
conftest.c:44:22: fatal error: sys/ptem.h: No such file or directory
 #include <sys/ptem.h>
                      ^
compilation terminated.
configure:7556: checking return type of signal handlers
configure:7587: gcc -c -g -O2  conftest.c >&5
configure:7593: $? = 0
configure:7597: test -z 
			 || test ! -s conftest.err
configure:7600: $? = 0
configure:7603: test -s conftest.o
configure:7606: $? = 0
configure:7617: result: void
configure:7625: checking for pid_t
configure:7649: gcc -c -g -O2  conftest.c >&5
configure:7655: $? = 0
configure:7659: test -z 
			 || test ! -s conftest.err
configure:7662: $? = 0
configure:7665: test -s conftest.o
configure:7668: $? = 0
configure:7679: result: yes
configure:7691: checking for size_t
configure:7715: gcc -c -g -O2  conftest.c >&5
configure:7721: $? = 0
configure:7725: test -z 
			 || test ! -s conftest.err
configure:7728: $? = 0
configure:7731: test -s conftest.o
configure:7734: $? = 0
configure:7745: result: yes
configure:7757: checking for time_t
configure:7781: gcc -c -g -O2  conftest.c >&5
configure:7787: $? = 0
configure:7791: test -z 
			 || test ! -s conftest.err
configure:7794: $? = 0
configure:7797: test -s conftest.o
configure:7800: $? = 0
configure:7811: result: yes
configure:7823: checking for socklen_t
configure:7854: result: yes
configure:7872: checking for strftime
configure:7929: gcc -o conftest -g -O2    conftest.c -lz -lm -ltermcap  -lssl -lcrypto >&5
conftest.c:69:6: warning: conflicting types for built-in function 'strftime' [enabled by default]
 char strftime ();
      ^
configure:7935: $? = 0
configure:7939: test -z 
			 || test ! -s conftest.err
configure:7942: $? = 0
configure:7945: test -s conftest
configure:7948: $? = 0
configure:7960: result: yes
configure:8049: checking for h_errno
configure:8106: gcc -o conftest -g -O2    conftest.c -lz -lm -ltermcap  -lssl -lcrypto >&5
/usr/lib64/gcc/x86_64-slackware-linux/4.8.2/../../../../x86_64-slackware-linux/bin/ld: h_errno: TLS definition in /lib64/libc.so.6 section .tbss mismatches non-TLS reference in /tmp/ccdtEEua.o
/lib64/libc.so.6: could not read symbols: Bad value
collect2: error: ld returned 1 exit status
configure:8112: $? = 1
configure: failed program was:
| /* confdefs.h.  */
| 
| #define PACKAGE_NAME ""
| #define PACKAGE_TARNAME ""
| #define PACKAGE_VERSION ""
| #define PACKAGE_STRING ""
| #define PACKAGE_BUGREPORT ""
| #define NDEBUG 1
| #define DISABLE_CORE 1
| #define STDC_HEADERS 1
| #define HAVE_SYS_TYPES_H 1
| #define HAVE_SYS_STAT_H 1
| #define HAVE_STDLIB_H 1
| #define HAVE_STRING_H 1
| #define HAVE_MEMORY_H 1
| #define HAVE_STRINGS_H 1
| #define HAVE_INTTYPES_H 1
| #define HAVE_STDINT_H 1
| #define HAVE_UNISTD_H 1
| #define SIZEOF_SHORT 2
| #define SIZEOF_INT 4
| #define SIZEOF_LONG 8
| #define inline __inline__
| #define HAVE_SSL 1
| #define TERMCAP 1
| #define NCOLORS 256
| #define HAVE_LIBZ 1
| #define STDC_HEADERS 1
| #define HAVE_UNISTD_H 1
| #define HAVE_MEMORY_H 1
| #define HAVE_SYS_SELECT_H 1
| #define HAVE_SYS_WAIT_H 1
| #define HAVE_LOCALE_H 1
| #define HAVE_PWD_H 1
| #define HAVE_ZLIB_H 1
| #define HAVE_NETINET_IN_H 1
| #define NETINET_IN_H <netinet/in.h>
| #define HAVE_ARPA_INET_H 1
| #define ARPA_INET_H <arpa/inet.h>
| #define HAVE_NETDB_H 1
| #define NETDB_H <netdb.h>
| #define HAVE_TERMIOS_H 1
| #define RETSIGTYPE void
| #define HAVE_STRFTIME 1
| /* end confdefs.h.  */
| /* Define h_errno to an innocuous variant, in case <limits.h> declares h_errno.
|    For example, HP-UX 11i <limits.h> declares gettimeofday.  */
| #define h_errno innocuous_h_errno
| 
| /* System header to define __stub macros and hopefully few prototypes,
|     which can conflict with char h_errno (); below.
|     Prefer <limits.h> to <assert.h> if __STDC__ is defined, since
|     <limits.h> exists even on freestanding compilers.  */
| 
| #ifdef __STDC__
| # include <limits.h>
| #else
| # include <assert.h>
| #endif
| 
| #undef h_errno
| 
| /* Override any gcc2 internal prototype to avoid an error.  */
| #ifdef __cplusplus
| extern "C"
| {
| #endif
| /* We use char because int might match the return type of a gcc2
|    builtin and then its argument prototype would still apply.  */
| char h_errno ();
| /* The GNU C library defines this for functions which it implements
|     to always fail with ENOSYS.  Some functions are actually named
|     something starting with __ and the normal name is an alias.  */
| #if defined (__stub_h_errno) || defined (__stub___h_errno)
| choke me
| #else
| char (*f) () = h_errno;
| #endif
| #ifdef __cplusplus
| }
| #endif
| 
| int
| main ()
| {
| return f != h_errno;
|   ;
|   return 0;
| }
configure:8137: result: no
configure:8153: checking for strstr
configure:8210: gcc -o conftest -g -O2    conftest.c -lz -lm -ltermcap  -lssl -lcrypto >&5
conftest.c:70:6: warning: conflicting types for built-in function 'strstr' [enabled by default]
 char strstr ();
      ^
configure:8216: $? = 0
configure:8220: test -z 
			 || test ! -s conftest.err
configure:8223: $? = 0
configure:8226: test -s conftest
configure:8229: $? = 0
configure:8241: result: yes
configure:8153: checking for strtol
configure:8210: gcc -o conftest -g -O2    conftest.c -lz -lm -ltermcap  -lssl -lcrypto >&5
configure:8216: $? = 0
configure:8220: test -z 
			 || test ! -s conftest.err
configure:8223: $? = 0
configure:8226: test -s conftest
configure:8229: $? = 0
configure:8241: result: yes
configure:8274: checking for bcopy
configure:8331: gcc -o conftest -g -O2    conftest.c -lz -lm -ltermcap  -lssl -lcrypto >&5
conftest.c:72:6: warning: conflicting types for built-in function 'bcopy' [enabled by default]
 char bcopy ();
      ^
configure:8337: $? = 0
configure:8341: test -z 
			 || test ! -s conftest.err
configure:8344: $? = 0
configure:8347: test -s conftest
configure:8350: $? = 0
configure:8362: result: yes
configure:8274: checking for bzero
configure:8331: gcc -o conftest -g -O2    conftest.c -lz -lm -ltermcap  -lssl -lcrypto >&5
conftest.c:73:6: warning: conflicting types for built-in function 'bzero' [enabled by default]
 char bzero ();
      ^
configure:8337: $? = 0
configure:8341: test -z 
			 || test ! -s conftest.err
configure:8344: $? = 0
configure:8347: test -s conftest
configure:8350: $? = 0
configure:8362: result: yes
configure:8274: checking for connect
configure:8331: gcc -o conftest -g -O2    conftest.c -lz -lm -ltermcap  -lssl -lcrypto >&5
configure:8337: $? = 0
configure:8341: test -z 
			 || test ! -s conftest.err
configure:8344: $? = 0
configure:8347: test -s conftest
configure:8350: $? = 0
configure:8362: result: yes
configure:8274: checking for fileno
configure:8331: gcc -o conftest -g -O2    conftest.c -lz -lm -ltermcap  -lssl -lcrypto >&5
configure:8337: $? = 0
configure:8341: test -z 
			 || test ! -s conftest.err
configure:8344: $? = 0
configure:8347: test -s conftest
configure:8350: $? = 0
configure:8362: result: yes
configure:8274: checking for getcwd
configure:8331: gcc -o conftest -g -O2    conftest.c -lz -lm -ltermcap  -lssl -lcrypto >&5
configure:8337: $? = 0
configure:8341: test -z 
			 || test ! -s conftest.err
configure:8344: $? = 0
configure:8347: test -s conftest
configure:8350: $? = 0
configure:8362: result: yes
configure:8274: checking for gethostname
configure:8331: gcc -o conftest -g -O2    conftest.c -lz -lm -ltermcap  -lssl -lcrypto >&5
configure:8337: $? = 0
configure:8341: test -z 
			 || test ! -s conftest.err
configure:8344: $? = 0
configure:8347: test -s conftest
configure:8350: $? = 0
configure:8362: result: yes
configure:8274: checking for gethostbyname
configure:8331: gcc -o conftest -g -O2    conftest.c -lz -lm -ltermcap  -lssl -lcrypto >&5
configure:8337: $? = 0
configure:8341: test -z 
			 || test ! -s conftest.err
configure:8344: $? = 0
configure:8347: test -s conftest
configure:8350: $? = 0
configure:8362: result: yes
configure:8274: checking for getipnodebyname
configure:8331: gcc -o conftest -g -O2    conftest.c -lz -lm -ltermcap  -lssl -lcrypto >&5
/tmp/cchfOQqD.o:(.data+0x0): undefined reference to `getipnodebyname'
/tmp/cchfOQqD.o: In function `main':
/home/bhodgins/dev/smallfugue/conftest.c:95: undefined reference to `getipnodebyname'
collect2: error: ld returned 1 exit status
configure:8337: $? = 1
configure: failed program was:
| /* confdefs.h.  */
| 
| #define PACKAGE_NAME ""
| #define PACKAGE_TARNAME ""
| #define PACKAGE_VERSION ""
| #define PACKAGE_STRING ""
| #define PACKAGE_BUGREPORT ""
| #define NDEBUG 1
| #define DISABLE_CORE 1
| #define STDC_HEADERS 1
| #define HAVE_SYS_TYPES_H 1
| #define HAVE_SYS_STAT_H 1
| #define HAVE_STDLIB_H 1
| #define HAVE_STRING_H 1
| #define HAVE_MEMORY_H 1
| #define HAVE_STRINGS_H 1
| #define HAVE_INTTYPES_H 1
| #define HAVE_STDINT_H 1
| #define HAVE_UNISTD_H 1
| #define SIZEOF_SHORT 2
| #define SIZEOF_INT 4
| #define SIZEOF_LONG 8
| #define inline __inline__
| #define HAVE_SSL 1
| #define TERMCAP 1
| #define NCOLORS 256
| #define HAVE_LIBZ 1
| #define STDC_HEADERS 1
| #define HAVE_UNISTD_H 1
| #define HAVE_MEMORY_H 1
| #define HAVE_SYS_SELECT_H 1
| #define HAVE_SYS_WAIT_H 1
| #define HAVE_LOCALE_H 1
| #define HAVE_PWD_H 1
| #define HAVE_ZLIB_H 1
| #define HAVE_NETINET_IN_H 1
| #define NETINET_IN_H <netinet/in.h>
| #define HAVE_ARPA_INET_H 1
| #define ARPA_INET_H <arpa/inet.h>
| #define HAVE_NETDB_H 1
| #define NETDB_H <netdb.h>
| #define HAVE_TERMIOS_H 1
| #define RETSIGTYPE void
| #define HAVE_STRFTIME 1
| #define HAVE_STRSTR 1
| #define HAVE_STRTOL 1
| #define HAVE_BCOPY 1
| #define HAVE_BZERO 1
| #define HAVE_CONNECT 1
| #define HAVE_FILENO 1
| #define HAVE_GETCWD 1
| #define HAVE_GETHOSTNAME 1
| #define HAVE_GETHOSTBYNAME 1
| /* end confdefs.h.  */
| /* Define getipnodebyname to an innocuous variant, in case <limits.h> declares getipnodebyname.
|    For example, HP-UX 11i <limits.h> declares gettimeofday.  */
| #define getipnodebyname innocuous_getipnodebyname
| 
| /* System header to define __stub macros and hopefully few prototypes,
|     which can conflict with char getipnodebyname (); below.
|     Prefer <limits.h> to <assert.h> if __STDC__ is defined, since
|     <limits.h> exists even on freestanding compilers.  */
| 
| #ifdef __STDC__
| # include <limits.h>
| #else
| # include <assert.h>
| #endif
| 
| #undef getipnodebyname
| 
| /* Override any gcc2 internal prototype to avoid an error.  */
| #ifdef __cplusplus
| extern "C"
| {
| #endif
| /* We use char because int might match the return type of a gcc2
|    builtin and then its argument prototype would still apply.  */
| char getipnodebyname ();
| /* The GNU C library defines this for functions which it implements
|     to always fail with ENOSYS.  Some functions are actually named
|     something starting with __ and the normal name is an alias.  */
| #if defined (__stub_getipnodebyname) || defined (__stub___getipnodebyname)
| choke me
| #else
| char (*f) () = getipnodebyname;
| #endif
| #ifdef __cplusplus
| }
| #endif
| 
| int
| main ()
| {
| return f != getipnodebyname;
|   ;
|   return 0;
| }
configure:8362: result: no
configure:8274: checking for getpwnam
configure:8331: gcc -o conftest -g -O2    conftest.c -lz -lm -ltermcap  -lssl -lcrypto >&5
configure:8337: $? = 0
configure:8341: test -z 
			 || test ! -s conftest.err
configure:8344: $? = 0
configure:8347: test -s conftest
configure:8350: $? = 0
configure:8362: result: yes
configure:8274: checking for gettimeofday
configure:8331: gcc -o conftest -g -O2    conftest.c -lz -lm -ltermcap  -lssl -lcrypto >&5
configure:8337: $? = 0
configure:8341: test -z 
			 || test ! -s conftest.err
configure:8344: $? = 0
configure:8347: test -s conftest
configure:8350: $? = 0
configure:8362: result: yes
configure:8274: checking for getwd
configure:8331: gcc -o conftest -g -O2    conftest.c -lz -lm -ltermcap  -lssl -lcrypto >&5
configure:8337: $? = 0
configure:8341: test -z 
			 || test ! -s conftest.err
configure:8344: $? = 0
configure:8347: test -s conftest
configure:8350: $? = 0
configure:8362: result: yes
configure:8274: checking for hstrerror
configure:8331: gcc -o conftest -g -O2    conftest.c -lz -lm -ltermcap  -lssl -lcrypto >&5
configure:8337: $? = 0
configure:8341: test -z 
			 || test ! -s conftest.err
configure:8344: $? = 0
configure:8347: test -s conftest
configure:8350: $? = 0
configure:8362: result: yes
configure:8274: checking for index
configure:8331: gcc -o conftest -g -O2    conftest.c -lz -lm -ltermcap  -lssl -lcrypto >&5
conftest.c:83:6: warning: conflicting types for built-in function 'index' [enabled by default]
 char index ();
      ^
configure:8337: $? = 0
configure:8341: test -z 
			 || test ! -s conftest.err
configure:8344: $? = 0
configure:8347: test -s conftest
configure:8350: $? = 0
configure:8362: result: yes
configure:8274: checking for inet_aton
configure:8331: gcc -o conftest -g -O2    conftest.c -lz -lm -ltermcap  -lssl -lcrypto >&5
configure:8337: $? = 0
configure:8341: test -z 
			 || test ! -s conftest.err
configure:8344: $? = 0
configure:8347: test -s conftest
configure:8350: $? = 0
configure:8362: result: yes
configure:8390: checking for getaddrinfo
configure:8447: gcc -o conftest -g -O2    conftest.c -lz -lm -ltermcap  -lssl -lcrypto >&5
configure:8453: $? = 0
configure:8457: test -z 
			 || test ! -s conftest.err
configure:8460: $? = 0
configure:8463: test -s conftest
configure:8466: $? = 0
configure:8478: result: yes
configure:8390: checking for gai_strerror
configure:8447: gcc -o conftest -g -O2    conftest.c -lz -lm -ltermcap  -lssl -lcrypto >&5
configure:8453: $? = 0
configure:8457: test -z 
			 || test ! -s conftest.err
configure:8460: $? = 0
configure:8463: test -s conftest
configure:8466: $? = 0
configure:8478: result: yes
configure:8513: checking for kill
configure:8570: gcc -o conftest -g -O2    conftest.c -lz -lm -ltermcap  -lssl -lcrypto >&5
configure:8576: $? = 0
configure:8580: test -z 
			 || test ! -s conftest.err
configure:8583: $? = 0
configure:8586: test -s conftest
configure:8589: $? = 0
configure:8601: result: yes
configure:8513: checking for memcpy
configure:8570: gcc -o conftest -g -O2    conftest.c -lz -lm -ltermcap  -lssl -lcrypto >&5
conftest.c:88:6: warning: conflicting types for built-in function 'memcpy' [enabled by default]
 char memcpy ();
      ^
configure:8576: $? = 0
configure:8580: test -z 
			 || test ! -s conftest.err
configure:8583: $? = 0
configure:8586: test -s conftest
configure:8589: $? = 0
configure:8601: result: yes
configure:8513: checking for memset
configure:8570: gcc -o conftest -g -O2    conftest.c -lz -lm -ltermcap  -lssl -lcrypto >&5
conftest.c:89:6: warning: conflicting types for built-in function 'memset' [enabled by default]
 char memset ();
      ^
configure:8576: $? = 0
configure:8580: test -z 
			 || test ! -s conftest.err
configure:8583: $? = 0
configure:8586: test -s conftest
configure:8589: $? = 0
configure:8601: result: yes
configure:8513: checking for raise
configure:8570: gcc -o conftest -g -O2    conftest.c -lz -lm -ltermcap  -lssl -lcrypto >&5
configure:8576: $? = 0
configure:8580: test -z 
			 || test ! -s conftest.err
configure:8583: $? = 0
configure:8586: test -s conftest
configure:8589: $? = 0
configure:8601: result: yes
configure:8513: checking for setlocale
configure:8570: gcc -o conftest -g -O2    conftest.c -lz -lm -ltermcap  -lssl -lcrypto >&5
configure:8576: $? = 0
configure:8580: test -z 
			 || test ! -s conftest.err
configure:8583: $? = 0
configure:8586: test -s conftest
configure:8589: $? = 0
configure:8601: result: yes
configure:8513: checking for setrlimit
configure:8570: gcc -o conftest -g -O2    conftest.c -lz -lm -ltermcap  -lssl -lcrypto >&5
configure:8576: $? = 0
configure:8580: test -z 
			 || test ! -s conftest.err
configure:8583: $? = 0
configure:8586: test -s conftest
configure:8589: $? = 0
configure:8601: result: yes
configure:8513: checking for sigaction
configure:8570: gcc -o conftest -g -O2    conftest.c -lz -lm -ltermcap  -lssl -lcrypto >&5
configure:8576: $? = 0
configure:8580: test -z 
			 || test ! -s conftest.err
configure:8583: $? = 0
configure:8586: test -s conftest
configure:8589: $? = 0
configure:8601: result: yes
configure:8513: checking for srand
configure:8570: gcc -o conftest -g -O2    conftest.c -lz -lm -ltermcap  -lssl -lcrypto >&5
configure:8576: $? = 0
configure:8580: test -z 
			 || test ! -s conftest.err
configure:8583: $? = 0
configure:8586: test -s conftest
configure:8589: $? = 0
configure:8601: result: yes
configure:8513: checking for srandom
configure:8570: gcc -o conftest -g -O2    conftest.c -lz -lm -ltermcap  -lssl -lcrypto >&5
configure:8576: $? = 0
configure:8580: test -z 
			 || test ! -s conftest.err
configure:8583: $? = 0
configure:8586: test -s conftest
configure:8589: $? = 0
configure:8601: result: yes
configure:8513: checking for strcasecmp
configure:8570: gcc -o conftest -g -O2    conftest.c -lz -lm -ltermcap  -lssl -lcrypto >&5
conftest.c:96:6: warning: conflicting types for built-in function 'strcasecmp' [enabled by default]
 char strcasecmp ();
      ^
configure:8576: $? = 0
configure:8580: test -z 
			 || test ! -s conftest.err
configure:8583: $? = 0
configure:8586: test -s conftest
configure:8589: $? = 0
configure:8601: result: yes
configure:8513: checking for strchr
configure:8570: gcc -o conftest -g -O2    conftest.c -lz -lm -ltermcap  -lssl -lcrypto >&5
conftest.c:97:6: warning: conflicting types for built-in function 'strchr' [enabled by default]
 char strchr ();
      ^
configure:8576: $? = 0
configure:8580: test -z 
			 || test ! -s conftest.err
configure:8583: $? = 0
configure:8586: test -s conftest
configure:8589: $? = 0
configure:8601: result: yes
configure:8513: checking for strcmpi
configure:8570: gcc -o conftest -g -O2    conftest.c -lz -lm -ltermcap  -lssl -lcrypto >&5
/tmp/ccw3C0mq.o:(.data+0x0): undefined reference to `strcmpi'
/tmp/ccw3C0mq.o: In function `main':
/home/bhodgins/dev/smallfugue/conftest.c:114: undefined reference to `strcmpi'
collect2: error: ld returned 1 exit status
configure:8576: $? = 1
configure: failed program was:
| /* confdefs.h.  */
| 
| #define PACKAGE_NAME ""
| #define PACKAGE_TARNAME ""
| #define PACKAGE_VERSION ""
| #define PACKAGE_STRING ""
| #define PACKAGE_BUGREPORT ""
| #define NDEBUG 1
| #define DISABLE_CORE 1
| #define STDC_HEADERS 1
| #define HAVE_SYS_TYPES_H 1
| #define HAVE_SYS_STAT_H 1
| #define HAVE_STDLIB_H 1
| #define HAVE_STRING_H 1
| #define HAVE_MEMORY_H 1
| #define HAVE_STRINGS_H 1
| #define HAVE_INTTYPES_H 1
| #define HAVE_STDINT_H 1
| #define HAVE_UNISTD_H 1
| #define SIZEOF_SHORT 2
| #define SIZEOF_INT 4
| #define SIZEOF_LONG 8
| #define inline __inline__
| #define HAVE_SSL 1
| #define TERMCAP 1
| #define NCOLORS 256
| #define HAVE_LIBZ 1
| #define STDC_HEADERS 1
| #define HAVE_UNISTD_H 1
| #define HAVE_MEMORY_H 1
| #define HAVE_SYS_SELECT_H 1
| #define HAVE_SYS_WAIT_H 1
| #define HAVE_LOCALE_H 1
| #define HAVE_PWD_H 1
| #define HAVE_ZLIB_H 1
| #define HAVE_NETINET_IN_H 1
| #define NETINET_IN_H <netinet/in.h>
| #define HAVE_ARPA_INET_H 1
| #define ARPA_INET_H <arpa/inet.h>
| #define HAVE_NETDB_H 1
| #define NETDB_H <netdb.h>
| #define HAVE_TERMIOS_H 1
| #define RETSIGTYPE void
| #define HAVE_STRFTIME 1
| #define HAVE_STRSTR 1
| #define HAVE_STRTOL 1
| #define HAVE_BCOPY 1
| #define HAVE_BZERO 1
| #define HAVE_CONNECT 1
| #define HAVE_FILENO 1
| #define HAVE_GETCWD 1
| #define HAVE_GETHOSTNAME 1
| #define HAVE_GETHOSTBYNAME 1
| #define HAVE_GETPWNAM 1
| #define HAVE_GETTIMEOFDAY 1
| #define HAVE_GETWD 1
| #define HAVE_HSTRERROR 1
| #define HAVE_INDEX 1
| #define HAVE_INET_ATON 1
| #define HAVE_GETADDRINFO 1
| #define HAVE_GAI_STRERROR 1
| #define HAVE_KILL 1
| #define HAVE_MEMCPY 1
| #define HAVE_MEMSET 1
| #define HAVE_RAISE 1
| #define HAVE_SETLOCALE 1
| #define HAVE_SETRLIMIT 1
| #define HAVE_SIGACTION 1
| #define HAVE_SRAND 1
| #define HAVE_SRANDOM 1
| #define HAVE_STRCASECMP 1
| #define HAVE_STRCHR 1
| /* end confdefs.h.  */
| /* Define strcmpi to an innocuous variant, in case <limits.h> declares strcmpi.
|    For example, HP-UX 11i <limits.h> declares gettimeofday.  */
| #define strcmpi innocuous_strcmpi
| 
| /* System header to define __stub macros and hopefully few prototypes,
|     which can conflict with char strcmpi (); below.
|     Prefer <limits.h> to <assert.h> if __STDC__ is defined, since
|     <limits.h> exists even on freestanding compilers.  */
| 
| #ifdef __STDC__
| # include <limits.h>
| #else
| # include <assert.h>
| #endif
| 
| #undef strcmpi
| 
| /* Override any gcc2 internal prototype to avoid an error.  */
| #ifdef __cplusplus
| extern "C"
| {
| #endif
| /* We use char because int might match the return type of a gcc2
|    builtin and then its argument prototype would still apply.  */
| char strcmpi ();
| /* The GNU C library defines this for functions which it implements
|     to always fail with ENOSYS.  Some functions are actually named
|     something starting with __ and the normal name is an alias.  */
| #if defined (__stub_strcmpi) || defined (__stub___strcmpi)
| choke me
| #else
| char (*f) () = strcmpi;
| #endif
| #ifdef __cplusplus
| }
| #endif
| 
| int
| main ()
| {
| return f != strcmpi;
|   ;
|   return 0;
| }
configure:8601: result: no
configure:8513: checking for strcspn
configure:8570: gcc -o conftest -g -O2    conftest.c -lz -lm -ltermcap  -lssl -lcrypto >&5
conftest.c:98:6: warning: conflicting types for built-in function 'strcspn' [enabled by default]
 char strcspn ();
      ^
configure:8576: $? = 0
configure:8580: test -z 
			 || test ! -s conftest.err
configure:8583: $? = 0
configure:8586: test -s conftest
configure:8589: $? = 0
configure:8601: result: yes
configure:8513: checking for strerror
configure:8570: gcc -o conftest -g -O2    conftest.c -lz -lm -ltermcap  -lssl -lcrypto >&5
configure:8576: $? = 0
configure:8580: test -z 
			 || test ! -s conftest.err
configure:8583: $? = 0
configure:8586: test -s conftest
configure:8589: $? = 0
configure:8601: result: yes
configure:8513: checking for stricmp
configure:8570: gcc -o conftest -g -O2    conftest.c -lz -lm -ltermcap  -lssl -lcrypto >&5
/tmp/cczsJb5A.o:(.data+0x0): undefined reference to `stricmp'
/tmp/cczsJb5A.o: In function `main':
/home/bhodgins/dev/smallfugue/conftest.c:116: undefined reference to `stricmp'
collect2: error: ld returned 1 exit status
configure:8576: $? = 1
configure: failed program was:
| /* confdefs.h.  */
| 
| #define PACKAGE_NAME ""
| #define PACKAGE_TARNAME ""
| #define PACKAGE_VERSION ""
| #define PACKAGE_STRING ""
| #define PACKAGE_BUGREPORT ""
| #define NDEBUG 1
| #define DISABLE_CORE 1
| #define STDC_HEADERS 1
| #define HAVE_SYS_TYPES_H 1
| #define HAVE_SYS_STAT_H 1
| #define HAVE_STDLIB_H 1
| #define HAVE_STRING_H 1
| #define HAVE_MEMORY_H 1
| #define HAVE_STRINGS_H 1
| #define HAVE_INTTYPES_H 1
| #define HAVE_STDINT_H 1
| #define HAVE_UNISTD_H 1
| #define SIZEOF_SHORT 2
| #define SIZEOF_INT 4
| #define SIZEOF_LONG 8
| #define inline __inline__
| #define HAVE_SSL 1
| #define TERMCAP 1
| #define NCOLORS 256
| #define HAVE_LIBZ 1
| #define STDC_HEADERS 1
| #define HAVE_UNISTD_H 1
| #define HAVE_MEMORY_H 1
| #define HAVE_SYS_SELECT_H 1
| #define HAVE_SYS_WAIT_H 1
| #define HAVE_LOCALE_H 1
| #define HAVE_PWD_H 1
| #define HAVE_ZLIB_H 1
| #define HAVE_NETINET_IN_H 1
| #define NETINET_IN_H <netinet/in.h>
| #define HAVE_ARPA_INET_H 1
| #define ARPA_INET_H <arpa/inet.h>
| #define HAVE_NETDB_H 1
| #define NETDB_H <netdb.h>
| #define HAVE_TERMIOS_H 1
| #define RETSIGTYPE void
| #define HAVE_STRFTIME 1
| #define HAVE_STRSTR 1
| #define HAVE_STRTOL 1
| #define HAVE_BCOPY 1
| #define HAVE_BZERO 1
| #define HAVE_CONNECT 1
| #define HAVE_FILENO 1
| #define HAVE_GETCWD 1
| #define HAVE_GETHOSTNAME 1
| #define HAVE_GETHOSTBYNAME 1
| #define HAVE_GETPWNAM 1
| #define HAVE_GETTIMEOFDAY 1
| #define HAVE_GETWD 1
| #define HAVE_HSTRERROR 1
| #define HAVE_INDEX 1
| #define HAVE_INET_ATON 1
| #define HAVE_GETADDRINFO 1
| #define HAVE_GAI_STRERROR 1
| #define HAVE_KILL 1
| #define HAVE_MEMCPY 1
| #define HAVE_MEMSET 1
| #define HAVE_RAISE 1
| #define HAVE_SETLOCALE 1
| #define HAVE_SETRLIMIT 1
| #define HAVE_SIGACTION 1
| #define HAVE_SRAND 1
| #define HAVE_SRANDOM 1
| #define HAVE_STRCASECMP 1
| #define HAVE_STRCHR 1
| #define HAVE_STRCSPN 1
| #define HAVE_STRERROR 1
| /* end confdefs.h.  */
| /* Define stricmp to an innocuous variant, in case <limits.h> declares stricmp.
|    For example, HP-UX 11i <limits.h> declares gettimeofday.  */
| #define stricmp innocuous_stricmp
| 
| /* System header to define __stub macros and hopefully few prototypes,
|     which can conflict with char stricmp (); below.
|     Prefer <limits.h> to <assert.h> if __STDC__ is defined, since
|     <limits.h> exists even on freestanding compilers.  */
| 
| #ifdef __STDC__
| # include <limits.h>
| #else
| # include <assert.h>
| #endif
| 
| #undef stricmp
| 
| /* Override any gcc2 internal prototype to avoid an error.  */
| #ifdef __cplusplus
| extern "C"
| {
| #endif
| /* We use char because int might match the return type of a gcc2
|    builtin and then its argument prototype would still apply.  */
| char stricmp ();
| /* The GNU C library defines this for functions which it implements
|     to always fail with ENOSYS.  Some functions are actually named
|     something starting with __ and the normal name is an alias.  */
| #if defined (__stub_stricmp) || defined (__stub___stricmp)
| choke me
| #else
| char (*f) () = stricmp;
| #endif
| #ifdef __cplusplus
| }
| #endif
| 
| int
| main ()
| {
| return f != stricmp;
|   ;
|   return 0;
| }
configure:8601: result: no
configure:8513: checking for strtod
configure:8570: gcc -o conftest -g -O2    conftest.c -lz -lm -ltermcap  -lssl -lcrypto >&5
configure:8576: $? = 0
configure:8580: test -z 
			 || test ! -s conftest.err
configure:8583: $? = 0
configure:8586: test -s conftest
configure:8589: $? = 0
configure:8601: result: yes
configure:8513: checking for tzset
configure:8570: gcc -o conftest -g -O2    conftest.c -lz -lm -ltermcap  -lssl -lcrypto >&5
configure:8576: $? = 0
configure:8580: test -z 
			 || test ! -s conftest.err
configure:8583: $? = 0
configure:8586: test -s conftest
configure:8589: $? = 0
configure:8601: result: yes
configure:8513: checking for waitpid
configure:8570: gcc -o conftest -g -O2    conftest.c -lz -lm -ltermcap  -lssl -lcrypto >&5
configure:8576: $? = 0
configure:8580: test -z 
			 || test ! -s conftest.err
configure:8583: $? = 0
configure:8586: test -s conftest
configure:8589: $? = 0
configure:8601: result: yes
configure:8620: checking for IPv6 address structure
configure:8648: gcc -c -g -O2  conftest.c >&5
configure:8654: $? = 0
configure:8658: test -z 
			 || test ! -s conftest.err
configure:8661: $? = 0
configure:8664: test -s conftest.o
configure:8667: $? = 0
configure:8673: result: in6_addr
configure:8693: checking location of mail directory
configure:8709: result: /usr/spool/mail
configure:8892: creating ./config.status

## ---------------------- ##
## Running config.status. ##
## ---------------------- ##

This file was extended by config.status, which was
generated by GNU Autoconf 2.59.  Invocation command line was

  CONFIG_FILES    = 
  CONFIG_HEADERS  = 
  CONFIG_LINKS    = 
  CONFIG_COMMANDS = 
  $ ./config.status 

on devstar

config.status:660: creating Makefile
config.status:660: creating unix/vars.mak
config.status:660: creating src/tfdefs.h
config.status:763: creating src/tfconfig.h
config.status:1027: src/tfconfig.h is unchanged
config.status:1185: executing default commands
configure:10065:
#####################################################
## prefix: /usr/local
## exec_prefix: ${prefix}
## bindir: ${exec_prefix}/bin
## datadir: ${prefix}/share
## executable: ${bindir}/tf
## library: ${datadir}/tf-lib
##
## TinyFugue configuration successful.
## Use "make" to build.


## ---------------- ##
## Cache variables. ##
## ---------------- ##

ac_cv_c_compiler_gnu=yes
ac_cv_env_CC_set=
ac_cv_env_CC_value=
ac_cv_env_CFLAGS_set=
ac_cv_env_CFLAGS_value=
ac_cv_env_CPPFLAGS_set=
ac_cv_env_CPPFLAGS_value=
ac_cv_env_CPP_set=
ac_cv_env_CPP_value=
ac_cv_env_LDFLAGS_set=
ac_cv_env_LDFLAGS_value=
ac_cv_env_build_alias_set=
ac_cv_env_build_alias_value=
ac_cv_env_host_alias_set=
ac_cv_env_host_alias_value=
ac_cv_env_target_alias_set=
ac_cv_env_target_alias_value=
ac_cv_exeext=
ac_cv_func_bcopy=yes
ac_cv_func_bzero=yes
ac_cv_func_connect=yes
ac_cv_func_fileno=yes
ac_cv_func_gai_strerror=yes
ac_cv_func_getaddrinfo=yes
ac_cv_func_getcwd=yes
ac_cv_func_gethostbyname=yes
ac_cv_func_gethostname=yes
ac_cv_func_getipnodebyname=no
ac_cv_func_getpwnam=yes
ac_cv_func_gettimeofday=yes
ac_cv_func_getwd=yes
ac_cv_func_h_errno=no
ac_cv_func_hstrerror=yes
ac_cv_func_index=yes
ac_cv_func_inet_aton=yes
ac_cv_func_kill=yes
ac_cv_func_memcpy=yes
ac_cv_func_memset=yes
ac_cv_func_raise=yes
ac_cv_func_setlocale=yes
ac_cv_func_setrlimit=yes
ac_cv_func_sigaction=yes
ac_cv_func_srand=yes
ac_cv_func_srandom=yes
ac_cv_func_strcasecmp=yes
ac_cv_func_strchr=yes
ac_cv_func_strcmpi=no
ac_cv_func_strcspn=yes
ac_cv_func_strerror=yes
ac_cv_func_strftime=yes
ac_cv_func_stricmp=no
ac_cv_func_strstr=yes
ac_cv_func_strtod=yes
ac_cv_func_strtol=yes
ac_cv_func_tzset=yes
ac_cv_func_waitpid=yes
ac_cv_header_arpa_inet_h=yes
ac_cv_header_inttypes_h=yes
ac_cv_header_locale_h=yes
ac_cv_header_memory_h=yes
ac_cv_header_netdb_h=yes
ac_cv_header_netinet_in_h=yes
ac_cv_header_openssl_ssl_h=yes
ac_cv_header_pwd_h=yes
ac_cv_header_stdc=yes
ac_cv_header_stdint_h=yes
ac_cv_header_stdlib_h=yes
ac_cv_header_string_h=yes
ac_cv_header_strings_h=yes
ac_cv_header_sys_select_h=yes
ac_cv_header_sys_stat_h=yes
ac_cv_header_sys_types_h=yes
ac_cv_header_sys_wait_h=yes
ac_cv_header_termios_h=yes
ac_cv_header_unistd_h=yes
ac_cv_header_zlib_h=yes
ac_cv_lib_inet_main=no
ac_cv_lib_net_main=no
ac_cv_lib_pcre_pcre_compile=yes
ac_cv_lib_z_inflate=yes
ac_cv_objext=o
ac_cv_prog_CPP='gcc -E'
ac_cv_prog_RANLIB=ranlib
ac_cv_prog_ac_ct_CC=gcc
ac_cv_prog_cc_g=yes
ac_cv_prog_cc_stdc=
ac_cv_prog_egrep='grep -E'
ac_cv_prog_gcc_traditional=no
ac_cv_prog_make_make_set=yes
ac_cv_search_connect='none required'
ac_cv_search_gethostbyname='none required'
ac_cv_search_select='none required'
ac_cv_search_setlocale='none required'
ac_cv_search_sqrt=-lm
ac_cv_search_tgetent=-ltermcap
ac_cv_sizeof_int=4
ac_cv_sizeof_long=8
ac_cv_sizeof_short=2
ac_cv_type_int=yes
ac_cv_type_long=yes
ac_cv_type_pid_t=yes
ac_cv_type_short=yes
ac_cv_type_signal=void
ac_cv_type_size_t=yes
ac_cv_type_socklen_t=yes
ac_cv_type_time_t=yes
tf_cv_sa_len=no

## ----------------- ##
## Output variables. ##
## ----------------- ##

CC='gcc'
CFLAGS='-g -O2'
CPP='gcc -E'
CPPFLAGS=' -DDATADIR=${datadir}'
DEFS='-DHAVE_CONFIG_H'
ECHO_C=''
ECHO_N='-n'
ECHO_T=''
EGREP='grep -E'
EXEEXT=''
EXENAME='tf'
LDFLAGS=' '
LIBNAME='tf-lib'
LIBOBJS=''
LIBS='-lz -lm -ltermcap  -lssl -lcrypto'
LTLIBOBJS=''
MODE='755'
OBJEXT='o'
OTHER_OBJS=''
PACKAGE_BUGREPORT=''
PACKAGE_NAME=''
PACKAGE_STRING=''
PACKAGE_TARNAME=''
PACKAGE_VERSION=''
PATH_SEPARATOR=':'
PCRE=''
RANLIB='ranlib'
SET_MAKE=''
SHELL='/bin/sh'
STRIP=''
SYMLINK='default'
TFVERSION='TinyFugue version 5.0 beta 8'
UNAME='Linux #1 SMP Wed Oct 23 16:28:33 CDT 2013 3.10.17'
ac_ct_CC='gcc'
bindir='${exec_prefix}/bin'
build_alias=''
datadir='${prefix}/share'
exec_prefix='${prefix}'
host_alias=''
includedir='${prefix}/include'
infodir='${prefix}/info'
libdir='${exec_prefix}/lib'
libexecdir='${exec_prefix}/libexec'
localstatedir='${prefix}/var'
mandir='${prefix}/man'
oldincludedir='/usr/include'
prefix='/usr/local'
program_transform_name='s,x,x,'
sbindir='${exec_prefix}/sbin'
sharedstatedir='${prefix}/com'
sysconfdir='${prefix}/etc'
target_alias=''

## ----------- ##
## confdefs.h. ##
## ----------- ##

#define ARPA_INET_H <arpa/inet.h>
#define DISABLE_CORE 1
#define ENABLE_INET6 1
#define HAVE_ARPA_INET_H 1
#define HAVE_BCOPY 1
#define HAVE_BZERO 1
#define HAVE_CONNECT 1
#define HAVE_FILENO 1
#define HAVE_GAI_STRERROR 1
#define HAVE_GETADDRINFO 1
#define HAVE_GETCWD 1
#define HAVE_GETHOSTBYNAME 1
#define HAVE_GETHOSTNAME 1
#define HAVE_GETPWNAM 1
#define HAVE_GETTIMEOFDAY 1
#define HAVE_GETWD 1
#define HAVE_HSTRERROR 1
#define HAVE_INDEX 1
#define HAVE_INET_ATON 1
#define HAVE_INTTYPES_H 1
#define HAVE_KILL 1
#define HAVE_LIBZ 1
#define HAVE_LOCALE_H 1
#define HAVE_MEMCPY 1
#define HAVE_MEMORY_H 1
#define HAVE_MEMORY_H 1
#define HAVE_MEMSET 1
#define HAVE_NETDB_H 1
#define HAVE_NETINET_IN_H 1
#define HAVE_PWD_H 1
#define HAVE_RAISE 1
#define HAVE_SETLOCALE 1
#define HAVE_SETRLIMIT 1
#define HAVE_SIGACTION 1
#define HAVE_SRAND 1
#define HAVE_SRANDOM 1
#define HAVE_SSL 1
#define HAVE_STDINT_H 1
#define HAVE_STDLIB_H 1
#define HAVE_STRCASECMP 1
#define HAVE_STRCHR 1
#define HAVE_STRCSPN 1
#define HAVE_STRERROR 1
#define HAVE_STRFTIME 1
#define HAVE_STRINGS_H 1
#define HAVE_STRING_H 1
#define HAVE_STRSTR 1
#define HAVE_STRTOD 1
#define HAVE_STRTOL 1
#define HAVE_SYS_SELECT_H 1
#define HAVE_SYS_STAT_H 1
#define HAVE_SYS_TYPES_H 1
#define HAVE_SYS_WAIT_H 1
#define HAVE_TERMIOS_H 1
#define HAVE_TZSET 1
#define HAVE_UNISTD_H 1
#define HAVE_UNISTD_H 1
#define HAVE_WAITPID 1
#define HAVE_ZLIB_H 1
#define IN6_ADDR in6_addr
#define MAILDIR "/usr/spool/mail"
#define NCOLORS 256
#define NDEBUG 1
#define NETDB_H <netdb.h>
#define NETINET_IN_H <netinet/in.h>
#define PACKAGE_BUGREPORT ""
#define PACKAGE_NAME ""
#define PACKAGE_STRING ""
#define PACKAGE_TARNAME ""
#define PACKAGE_VERSION ""
#define RETSIGTYPE void
#define SIZEOF_INT 4
#define SIZEOF_LONG 8
#define SIZEOF_SHORT 2
#define STDC_HEADERS 1
#define STDC_HEADERS 1
#define TERMCAP 1
#define inline __inline__

configure: exit 0
